WARNING 2016-10-01 13:53:33,474 base 1897 139774607832960 Not Found: /
WARNING 2016-10-01 13:53:34,305 base 1903 139774607832960 Not Found: /favicon.ico
ERROR 2016-10-01 13:53:38,874 base 1903 139774607832960 Internal Server Error: /admin/login/
Traceback (most recent call last):
  File "/home/mjkilian1992/.virtualenvs/dentest-prod/local/lib/python2.7/site-packages/django/core/handlers/base.py", line 111, in get_response
    response = wrapped_callback(request, *callback_args, **callback_kwargs)
  File "/home/mjkilian1992/.virtualenvs/dentest-prod/local/lib/python2.7/site-packages/django/views/decorators/cache.py", line 52, in _wrapped_view_func
    response = view_func(request, *args, **kwargs)
  File "/home/mjkilian1992/.virtualenvs/dentest-prod/local/lib/python2.7/site-packages/django/contrib/admin/sites.py", line 361, in login
    return login(request, **defaults)
  File "/home/mjkilian1992/.virtualenvs/dentest-prod/local/lib/python2.7/site-packages/django/views/decorators/debug.py", line 76, in sensitive_post_parameters_wrapper
    return view(request, *args, **kwargs)
  File "/home/mjkilian1992/.virtualenvs/dentest-prod/local/lib/python2.7/site-packages/django/utils/decorators.py", line 105, in _wrapped_view
    response = view_func(request, *args, **kwargs)
  File "/home/mjkilian1992/.virtualenvs/dentest-prod/local/lib/python2.7/site-packages/django/views/decorators/cache.py", line 52, in _wrapped_view_func
    response = view_func(request, *args, **kwargs)
  File "/home/mjkilian1992/.virtualenvs/dentest-prod/local/lib/python2.7/site-packages/django/contrib/auth/views.py", line 50, in login
    current_site = get_current_site(request)
  File "/home/mjkilian1992/.virtualenvs/dentest-prod/local/lib/python2.7/site-packages/django/contrib/sites/shortcuts.py", line 15, in get_current_site
    return Site.objects.get_current()
  File "/home/mjkilian1992/.virtualenvs/dentest-prod/local/lib/python2.7/site-packages/django/contrib/sites/models.py", line 54, in get_current
    current_site = self.get(pk=sid)
  File "/home/mjkilian1992/.virtualenvs/dentest-prod/local/lib/python2.7/site-packages/django/db/models/manager.py", line 92, in manager_method
    return getattr(self.get_queryset(), name)(*args, **kwargs)
  File "/home/mjkilian1992/.virtualenvs/dentest-prod/local/lib/python2.7/site-packages/django/db/models/query.py", line 351, in get
    num = len(clone)
  File "/home/mjkilian1992/.virtualenvs/dentest-prod/local/lib/python2.7/site-packages/django/db/models/query.py", line 122, in __len__
    self._fetch_all()
  File "/home/mjkilian1992/.virtualenvs/dentest-prod/local/lib/python2.7/site-packages/django/db/models/query.py", line 966, in _fetch_all
    self._result_cache = list(self.iterator())
  File "/home/mjkilian1992/.virtualenvs/dentest-prod/local/lib/python2.7/site-packages/django/db/models/query.py", line 265, in iterator
    for row in compiler.results_iter():
  File "/home/mjkilian1992/.virtualenvs/dentest-prod/local/lib/python2.7/site-packages/django/db/models/sql/compiler.py", line 701, in results_iter
    for rows in self.execute_sql(MULTI):
  File "/home/mjkilian1992/.virtualenvs/dentest-prod/local/lib/python2.7/site-packages/django/db/models/sql/compiler.py", line 787, in execute_sql
    cursor.execute(sql, params)
  File "/home/mjkilian1992/.virtualenvs/dentest-prod/local/lib/python2.7/site-packages/django/db/backends/utils.py", line 65, in execute
    return self.cursor.execute(sql, params)
  File "/home/mjkilian1992/.virtualenvs/dentest-prod/local/lib/python2.7/site-packages/django/db/utils.py", line 94, in __exit__
    six.reraise(dj_exc_type, dj_exc_value, traceback)
  File "/home/mjkilian1992/.virtualenvs/dentest-prod/local/lib/python2.7/site-packages/django/db/backends/utils.py", line 65, in execute
    return self.cursor.execute(sql, params)
  File "/home/mjkilian1992/.virtualenvs/dentest-prod/local/lib/python2.7/site-packages/django/db/backends/mysql/base.py", line 129, in execute
    return self.cursor.execute(query, args)
  File "/home/mjkilian1992/.virtualenvs/dentest-prod/local/lib/python2.7/site-packages/MySQLdb/cursors.py", line 205, in execute
    self.errorhandler(self, exc, value)
  File "/home/mjkilian1992/.virtualenvs/dentest-prod/local/lib/python2.7/site-packages/MySQLdb/connections.py", line 36, in defaulterrorhandler
    raise errorclass, errorvalue
ProgrammingError: (1146, "Table 'mjkilian1992$default.django_site' doesn't exist")
ERROR 2016-10-01 14:05:58,158 base 1903 139774607832960 Internal Server Error: /admin/
Traceback (most recent call last):
  File "/home/mjkilian1992/.virtualenvs/dentest-prod/local/lib/python2.7/site-packages/django/core/handlers/base.py", line 137, in get_response
    response = response.render()
  File "/home/mjkilian1992/.virtualenvs/dentest-prod/local/lib/python2.7/site-packages/django/template/response.py", line 103, in render
    self.content = self.rendered_content
  File "/home/mjkilian1992/.virtualenvs/dentest-prod/local/lib/python2.7/site-packages/django/template/response.py", line 78, in rendered_content
    template = self.resolve_template(self.template_name)
  File "/home/mjkilian1992/.virtualenvs/dentest-prod/local/lib/python2.7/site-packages/django/template/response.py", line 56, in resolve_template
    return loader.get_template(template)
  File "/home/mjkilian1992/.virtualenvs/dentest-prod/local/lib/python2.7/site-packages/django/template/loader.py", line 144, in get_template
    template, origin = find_template(template_name, dirs)
  File "/home/mjkilian1992/.virtualenvs/dentest-prod/local/lib/python2.7/site-packages/django/template/loader.py", line 136, in find_template
    raise TemplateDoesNotExist(name)
TemplateDoesNotExist: adminplus/index.html
ERROR 2016-10-01 14:15:22,114 base 2026 140662732920704 Internal Server Error: /admin/
Traceback (most recent call last):
  File "/home/mjkilian1992/.virtualenvs/dentest-prod/local/lib/python2.7/site-packages/django/core/handlers/base.py", line 137, in get_response
    response = response.render()
  File "/home/mjkilian1992/.virtualenvs/dentest-prod/local/lib/python2.7/site-packages/django/template/response.py", line 103, in render
    self.content = self.rendered_content
  File "/home/mjkilian1992/.virtualenvs/dentest-prod/local/lib/python2.7/site-packages/django/template/response.py", line 78, in rendered_content
    template = self.resolve_template(self.template_name)
  File "/home/mjkilian1992/.virtualenvs/dentest-prod/local/lib/python2.7/site-packages/django/template/response.py", line 56, in resolve_template
    return loader.get_template(template)
  File "/home/mjkilian1992/.virtualenvs/dentest-prod/local/lib/python2.7/site-packages/django/template/loader.py", line 144, in get_template
    template, origin = find_template(template_name, dirs)
  File "/home/mjkilian1992/.virtualenvs/dentest-prod/local/lib/python2.7/site-packages/django/template/loader.py", line 136, in find_template
    raise TemplateDoesNotExist(name)
TemplateDoesNotExist: adminplus/index.html
ERROR 2016-10-01 14:16:09,256 base 2026 140662732920704 Internal Server Error: /admin/
Traceback (most recent call last):
  File "/home/mjkilian1992/.virtualenvs/dentest-prod/local/lib/python2.7/site-packages/django/core/handlers/base.py", line 137, in get_response
    response = response.render()
  File "/home/mjkilian1992/.virtualenvs/dentest-prod/local/lib/python2.7/site-packages/django/template/response.py", line 103, in render
    self.content = self.rendered_content
  File "/home/mjkilian1992/.virtualenvs/dentest-prod/local/lib/python2.7/site-packages/django/template/response.py", line 78, in rendered_content
    template = self.resolve_template(self.template_name)
  File "/home/mjkilian1992/.virtualenvs/dentest-prod/local/lib/python2.7/site-packages/django/template/response.py", line 56, in resolve_template
    return loader.get_template(template)
  File "/home/mjkilian1992/.virtualenvs/dentest-prod/local/lib/python2.7/site-packages/django/template/loader.py", line 144, in get_template
    template, origin = find_template(template_name, dirs)
  File "/home/mjkilian1992/.virtualenvs/dentest-prod/local/lib/python2.7/site-packages/django/template/loader.py", line 136, in find_template
    raise TemplateDoesNotExist(name)
TemplateDoesNotExist: adminplus/index.html
ERROR 2016-10-01 14:16:10,512 base 2026 140662732920704 Internal Server Error: /admin/
Traceback (most recent call last):
  File "/home/mjkilian1992/.virtualenvs/dentest-prod/local/lib/python2.7/site-packages/django/core/handlers/base.py", line 137, in get_response
    response = response.render()
  File "/home/mjkilian1992/.virtualenvs/dentest-prod/local/lib/python2.7/site-packages/django/template/response.py", line 103, in render
    self.content = self.rendered_content
  File "/home/mjkilian1992/.virtualenvs/dentest-prod/local/lib/python2.7/site-packages/django/template/response.py", line 78, in rendered_content
    template = self.resolve_template(self.template_name)
  File "/home/mjkilian1992/.virtualenvs/dentest-prod/local/lib/python2.7/site-packages/django/template/response.py", line 56, in resolve_template
    return loader.get_template(template)
  File "/home/mjkilian1992/.virtualenvs/dentest-prod/local/lib/python2.7/site-packages/django/template/loader.py", line 144, in get_template
    template, origin = find_template(template_name, dirs)
  File "/home/mjkilian1992/.virtualenvs/dentest-prod/local/lib/python2.7/site-packages/django/template/loader.py", line 136, in find_template
    raise TemplateDoesNotExist(name)
TemplateDoesNotExist: adminplus/index.html
ERROR 2016-10-01 14:20:22,171 base 2087 140280575182720 Internal Server Error: /admin/
Traceback (most recent call last):
  File "/home/mjkilian1992/.virtualenvs/dentest-prod/local/lib/python2.7/site-packages/django/core/handlers/base.py", line 137, in get_response
    response = response.render()
  File "/home/mjkilian1992/.virtualenvs/dentest-prod/local/lib/python2.7/site-packages/django/template/response.py", line 103, in render
    self.content = self.rendered_content
  File "/home/mjkilian1992/.virtualenvs/dentest-prod/local/lib/python2.7/site-packages/django/template/response.py", line 78, in rendered_content
    template = self.resolve_template(self.template_name)
  File "/home/mjkilian1992/.virtualenvs/dentest-prod/local/lib/python2.7/site-packages/django/template/response.py", line 56, in resolve_template
    return loader.get_template(template)
  File "/home/mjkilian1992/.virtualenvs/dentest-prod/local/lib/python2.7/site-packages/django/template/loader.py", line 144, in get_template
    template, origin = find_template(template_name, dirs)
  File "/home/mjkilian1992/.virtualenvs/dentest-prod/local/lib/python2.7/site-packages/django/template/loader.py", line 136, in find_template
    raise TemplateDoesNotExist(name)
TemplateDoesNotExist: adminplus/index.html
ERROR 2016-10-01 14:23:13,667 base 2134 139806346872704 Internal Server Error: /admin/
Traceback (most recent call last):
  File "/home/mjkilian1992/.virtualenvs/dentest-prod/local/lib/python2.7/site-packages/django/core/handlers/base.py", line 137, in get_response
    response = response.render()
  File "/home/mjkilian1992/.virtualenvs/dentest-prod/local/lib/python2.7/site-packages/django/template/response.py", line 103, in render
    self.content = self.rendered_content
  File "/home/mjkilian1992/.virtualenvs/dentest-prod/local/lib/python2.7/site-packages/django/template/response.py", line 78, in rendered_content
    template = self.resolve_template(self.template_name)
  File "/home/mjkilian1992/.virtualenvs/dentest-prod/local/lib/python2.7/site-packages/django/template/response.py", line 56, in resolve_template
    return loader.get_template(template)
  File "/home/mjkilian1992/.virtualenvs/dentest-prod/local/lib/python2.7/site-packages/django/template/loader.py", line 144, in get_template
    template, origin = find_template(template_name, dirs)
  File "/home/mjkilian1992/.virtualenvs/dentest-prod/local/lib/python2.7/site-packages/django/template/loader.py", line 136, in find_template
    raise TemplateDoesNotExist(name)
TemplateDoesNotExist: adminplus/index.html
ERROR 2016-10-01 14:24:31,572 base 2134 139806346872704 Internal Server Error: /admin/
Traceback (most recent call last):
  File "/home/mjkilian1992/.virtualenvs/dentest-prod/local/lib/python2.7/site-packages/django/core/handlers/base.py", line 137, in get_response
    response = response.render()
  File "/home/mjkilian1992/.virtualenvs/dentest-prod/local/lib/python2.7/site-packages/django/template/response.py", line 103, in render
    self.content = self.rendered_content
  File "/home/mjkilian1992/.virtualenvs/dentest-prod/local/lib/python2.7/site-packages/django/template/response.py", line 78, in rendered_content
    template = self.resolve_template(self.template_name)
  File "/home/mjkilian1992/.virtualenvs/dentest-prod/local/lib/python2.7/site-packages/django/template/response.py", line 56, in resolve_template
    return loader.get_template(template)
  File "/home/mjkilian1992/.virtualenvs/dentest-prod/local/lib/python2.7/site-packages/django/template/loader.py", line 144, in get_template
    template, origin = find_template(template_name, dirs)
  File "/home/mjkilian1992/.virtualenvs/dentest-prod/local/lib/python2.7/site-packages/django/template/loader.py", line 136, in find_template
    raise TemplateDoesNotExist(name)
TemplateDoesNotExist: adminplus/index.html
ERROR 2016-10-02 10:57:28,677 base 5417 140708762331008 Invalid HTTP_HOST header: 'www.dentests.co.uk'. You may need to add u'www.dentests.co.uk' to ALLOWED_HOSTS.
ERROR 2016-10-02 10:57:28,677 base 5417 140708762331008 Invalid HTTP_HOST header: 'www.dentests.co.uk'. You may need to add u'www.dentests.co.uk' to ALLOWED_HOSTS.
ERROR 2016-10-02 10:57:31,373 base 5414 140708762331008 Invalid HTTP_HOST header: 'www.dentests.co.uk'. You may need to add u'www.dentests.co.uk' to ALLOWED_HOSTS.
ERROR 2016-10-02 10:57:31,373 base 5414 140708762331008 Invalid HTTP_HOST header: 'www.dentests.co.uk'. You may need to add u'www.dentests.co.uk' to ALLOWED_HOSTS.
ERROR 2016-10-02 10:57:35,080 base 5417 140708762331008 Invalid HTTP_HOST header: 'www.dentests.co.uk'. You may need to add u'www.dentests.co.uk' to ALLOWED_HOSTS.
ERROR 2016-10-02 10:57:35,080 base 5417 140708762331008 Invalid HTTP_HOST header: 'www.dentests.co.uk'. You may need to add u'www.dentests.co.uk' to ALLOWED_HOSTS.
ERROR 2016-10-02 10:57:35,202 base 5417 140708762331008 Invalid HTTP_HOST header: 'www.dentests.co.uk'. You may need to add u'www.dentests.co.uk' to ALLOWED_HOSTS.
ERROR 2016-10-02 10:57:35,202 base 5417 140708762331008 Invalid HTTP_HOST header: 'www.dentests.co.uk'. You may need to add u'www.dentests.co.uk' to ALLOWED_HOSTS.
ERROR 2016-10-02 10:57:39,383 base 5417 140708762331008 Invalid HTTP_HOST header: 'www.dentests.co.uk'. You may need to add u'www.dentests.co.uk' to ALLOWED_HOSTS.
ERROR 2016-10-02 10:57:39,383 base 5417 140708762331008 Invalid HTTP_HOST header: 'www.dentests.co.uk'. You may need to add u'www.dentests.co.uk' to ALLOWED_HOSTS.
ERROR 2016-10-02 10:57:39,507 base 5417 140708762331008 Invalid HTTP_HOST header: 'www.dentests.co.uk'. You may need to add u'www.dentests.co.uk' to ALLOWED_HOSTS.
ERROR 2016-10-02 10:57:39,507 base 5417 140708762331008 Invalid HTTP_HOST header: 'www.dentests.co.uk'. You may need to add u'www.dentests.co.uk' to ALLOWED_HOSTS.
WARNING 2016-10-02 10:59:41,737 base 5830 140264912516992 Not Found: /favicon.ico
WARNING 2016-10-02 11:03:37,788 base 5862 140058735679360 Not Found: /
WARNING 2016-10-02 11:06:19,072 base 5862 140058735679360 Not Found: /
WARNING 2016-10-02 11:06:26,232 base 5862 140058735679360 Not Found: /
WARNING 2016-10-02 11:50:32,656 base 6033 139859897968512 Not Found: /
ERROR 2016-10-02 11:52:44,469 base 6061 140284434614144 Internal Server Error: /
Traceback (most recent call last):
  File "/home/mjkilian1992/.virtualenvs/dentest-prod/local/lib/python2.7/site-packages/django/core/handlers/base.py", line 98, in get_response
    resolver_match = resolver.resolve(request.path_info)
  File "/home/mjkilian1992/.virtualenvs/dentest-prod/local/lib/python2.7/site-packages/django/core/urlresolvers.py", line 343, in resolve
    for pattern in self.url_patterns:
  File "/home/mjkilian1992/.virtualenvs/dentest-prod/local/lib/python2.7/site-packages/django/core/urlresolvers.py", line 372, in url_patterns
    patterns = getattr(self.urlconf_module, "urlpatterns", self.urlconf_module)
  File "/home/mjkilian1992/.virtualenvs/dentest-prod/local/lib/python2.7/site-packages/django/core/urlresolvers.py", line 366, in urlconf_module
    self._urlconf_module = import_module(self.urlconf_name)
  File "/usr/lib/python2.7/importlib/__init__.py", line 37, in import_module
    __import__(name)
  File "/home/mjkilian1992/DentestRevised/server/dentest/urls.py", line 47, in <module>
    url(r'^$', ensure_csrf_cookie(TemplateView.as_view(template_name='index.html'))),
NameError: name 'TemplateView' is not defined
ERROR 2016-10-02 11:52:44,538 user_wsgi_wrapper 6061 140284434614144 Error running WSGI application
Traceback (most recent call last):
  File "/bin/user_wsgi_wrapper.py", line 154, in __call__
    app_iterator = self.app(environ, start_response)
  File "/home/mjkilian1992/.virtualenvs/dentest-prod/local/lib/python2.7/site-packages/django/core/handlers/wsgi.py", line 187, in __call__
    response = self.get_response(request)
  File "/home/mjkilian1992/.virtualenvs/dentest-prod/local/lib/python2.7/site-packages/django/core/handlers/base.py", line 199, in get_response
    response = self.handle_uncaught_exception(request, resolver, sys.exc_info())
  File "/home/mjkilian1992/.virtualenvs/dentest-prod/local/lib/python2.7/site-packages/django/core/handlers/base.py", line 239, in handle_uncaught_exception
    if resolver.urlconf_module is None:
  File "/home/mjkilian1992/.virtualenvs/dentest-prod/local/lib/python2.7/site-packages/django/core/urlresolvers.py", line 366, in urlconf_module
    self._urlconf_module = import_module(self.urlconf_name)
  File "/usr/lib/python2.7/importlib/__init__.py", line 37, in import_module
    __import__(name)
  File "/home/mjkilian1992/DentestRevised/server/dentest/urls.py", line 47, in <module>
    url(r'^$', ensure_csrf_cookie(TemplateView.as_view(template_name='index.html'))),
NameError: name 'TemplateView' is not defined
WARNING 2016-10-02 11:53:34,060 base 6079 140201716193152 Not Found: /static/bower_components/jquery/jquery.js
WARNING 2016-10-02 11:53:34,178 base 6079 140201716193152 Not Found: /static/auth/partial/password_reset_confirm_form/password_reset_confirm_form.js
WARNING 2016-10-02 11:53:34,280 base 6079 140201716193152 Not Found: /static/auth/partial/email_confirmation_form/email_confirmation_form.js
WARNING 2016-10-02 11:53:34,387 base 6073 140201716193152 Not Found: /static/questions/partial/topic_view/topic_view.js
WARNING 2016-10-02 11:53:35,085 base 6079 140201716193152 Not Found: /static/bower_components/angular-route/angular-route.js
WARNING 2016-10-02 11:53:35,187 base 6079 140201716193152 Not Found: /static/bower_components/angular-animate/angular-animate.js
WARNING 2016-10-02 11:53:35,204 base 6079 140201716193152 Not Found: /static/bower_components/angular-resource/angular-resource.js
WARNING 2016-10-02 11:53:35,277 base 6079 140201716193152 Not Found: /static/bower_components/angular-cookies/angular-cookies.js
WARNING 2016-10-02 11:53:35,278 base 6073 140201716193152 Not Found: /static/bower_components/angular-bootstrap/ui-bootstrap-tpls.js
WARNING 2016-10-02 11:53:35,282 base 6079 140201716193152 Not Found: /static/bower_components/angular-ui-utils/ui-utils.js
WARNING 2016-10-02 11:53:35,291 base 6079 140201716193152 Not Found: /static/bower_components/angular-ui-notification/dist/angular-ui-notification.min.js
WARNING 2016-10-02 11:53:35,317 base 6073 140201716193152 Not Found: /static/app.js
WARNING 2016-10-02 11:53:35,389 base 6079 140201716193152 Not Found: /static/auth/auth.js
WARNING 2016-10-02 11:53:35,389 base 6073 140201716193152 Not Found: /static/auth/service/restful_auth_service.js
WARNING 2016-10-02 11:53:35,401 base 6079 140201716193152 Not Found: /static/questions/service/question_service.js
WARNING 2016-10-02 11:53:35,401 base 6073 140201716193152 Not Found: /static/questions/questions.js
WARNING 2016-10-02 11:53:35,418 base 6079 140201716193152 Not Found: /static/global_constants/global_constants.js
WARNING 2016-10-02 11:53:35,507 base 6079 140201716193152 Not Found: /static/auth/partial/login_form/login_form.js
WARNING 2016-10-02 11:53:35,507 base 6073 140201716193152 Not Found: /static/auth/partial/registration_form/registration_form.js
WARNING 2016-10-02 11:53:35,511 base 6079 140201716193152 Not Found: /static/auth/partial/password_reset_form/password_reset_form.js
WARNING 2016-10-02 11:53:35,512 base 6073 140201716193152 Not Found: /static/auth/partial/update_profile/update_profile.js
WARNING 2016-10-02 11:53:35,530 base 6073 140201716193152 Not Found: /static/questions/partial/main_question_viewer/main_question_viewer.js
WARNING 2016-10-02 11:53:35,637 base 6079 140201716193152 Not Found: /static/questions/partial/question_by_id_view/question_by_id_view.js
WARNING 2016-10-02 11:53:35,641 base 6073 140201716193152 Not Found: /static/partial/home-screen-partial/home-screen-partial.js
WARNING 2016-10-02 11:53:35,644 base 6079 140201716193152 Not Found: /static/partial/navbar/navbar.js
WARNING 2016-10-02 11:53:35,647 base 6079 140201716193152 Not Found: /static/questions/partial/subtopic_view/subtopic_view.js
WARNING 2016-10-02 11:53:35,649 base 6073 140201716193152 Not Found: /static/questions/partial/question_search/question_search.js
WARNING 2016-10-02 11:53:35,742 base 6079 140201716193152 Not Found: /static/quiz/quiz.js
WARNING 2016-10-02 11:53:35,746 base 6076 140201716193152 Not Found: /static/questions/partial/topic_navigator/topic_navigator.js
WARNING 2016-10-02 11:53:35,759 base 6079 140201716193152 Not Found: /static/questions/service/topic_selection_service.js
WARNING 2016-10-02 11:53:35,762 base 6073 140201716193152 Not Found: /static/quiz/partial/select_content/select_content.js
WARNING 2016-10-02 11:53:35,765 base 6079 140201716193152 Not Found: /static/quiz/partial/quiz_viewer/quiz_viewer.js
WARNING 2016-10-02 11:53:35,767 base 6073 140201716193152 Not Found: /static/subscriptions/subscriptions.js
WARNING 2016-10-02 11:53:35,841 base 6079 140201716193152 Not Found: /static/subscriptions/service/subscription_service.js
WARNING 2016-10-02 11:53:35,863 base 6079 140201716193152 Not Found: /static/subscriptions/partial/subscription_status/subscription_status.js
WARNING 2016-10-02 11:53:35,875 base 6079 140201716193152 Not Found: /static/subscriptions/directive/braintree_payment_form/braintree_payment_form.js
WARNING 2016-10-02 11:53:35,878 base 6076 140201716193152 Not Found: /static/subscriptions/partial/cancel/cancel.js
WARNING 2016-10-02 11:53:35,878 base 6073 140201716193152 Not Found: /static/subscriptions/partial/change_payment_method/change_payment_method.js
WARNING 2016-10-02 11:53:35,937 base 6079 140201716193152 Not Found: /static/subscriptions/partial/subscription_sucess/subscription_sucess.js
WARNING 2016-10-02 11:53:35,964 base 6079 140201716193152 Not Found: /static/subscriptions/partial/change_payment_method_success/change_payment_method_success.js
WARNING 2016-10-02 11:53:35,974 base 6079 140201716193152 Not Found: /static/bower_components/less.js/dist/less-1.6.2.js
WARNING 2016-10-02 11:53:35,981 base 6079 140201716193152 Not Found: /static/bower_components/underscore/underscore.js
WARNING 2016-10-02 11:53:35,982 base 6076 140201716193152 Not Found: /static/bower_components/moment/moment.js
WARNING 2016-10-02 11:53:36,036 base 6079 140201716193152 Not Found: /static/bower_components/angular/angular.js
WARNING 2016-10-02 11:53:36,137 base 6076 140201716193152 Not Found: /static/bower_components/angular-route/angular-route.js
WARNING 2016-10-02 11:53:36,242 base 6073 140201716193152 Not Found: /static/bower_components/angular-animate/angular-animate.js
WARNING 2016-10-02 11:53:36,345 base 6079 140201716193152 Not Found: /static/bower_components/angular-resource/angular-resource.js
WARNING 2016-10-02 11:53:36,447 base 6079 140201716193152 Not Found: /static/bower_components/angular-cookies/angular-cookies.js
WARNING 2016-10-02 11:53:36,548 base 6079 140201716193152 Not Found: /static/bower_components/angular-bootstrap/ui-bootstrap-tpls.js
WARNING 2016-10-02 11:53:36,649 base 6073 140201716193152 Not Found: /static/bower_components/angular-ui-utils/ui-utils.js
WARNING 2016-10-02 11:53:36,750 base 6079 140201716193152 Not Found: /static/bower_components/angular-ui-notification/dist/angular-ui-notification.min.js
WARNING 2016-10-02 11:53:36,849 base 6079 140201716193152 Not Found: /static/app.js
WARNING 2016-10-02 11:53:36,948 base 6076 140201716193152 Not Found: /static/auth/auth.js
WARNING 2016-10-02 11:53:37,051 base 6079 140201716193152 Not Found: /static/auth/service/restful_auth_service.js
WARNING 2016-10-02 11:53:37,155 base 6079 140201716193152 Not Found: /static/questions/questions.js
WARNING 2016-10-02 11:53:37,256 base 6079 140201716193152 Not Found: /static/questions/service/question_service.js
WARNING 2016-10-02 11:53:37,360 base 6079 140201716193152 Not Found: /static/global_constants/global_constants.js
WARNING 2016-10-02 11:53:37,463 base 6079 140201716193152 Not Found: /static/auth/partial/login_form/login_form.js
WARNING 2016-10-02 11:53:37,563 base 6076 140201716193152 Not Found: /static/auth/partial/registration_form/registration_form.js
WARNING 2016-10-02 11:53:37,666 base 6079 140201716193152 Not Found: /static/auth/partial/password_reset_form/password_reset_form.js
WARNING 2016-10-02 11:53:37,768 base 6079 140201716193152 Not Found: /static/auth/partial/password_reset_confirm_form/password_reset_confirm_form.js
WARNING 2016-10-02 11:53:37,883 base 6076 140201716193152 Not Found: /static/auth/partial/email_confirmation_form/email_confirmation_form.js
WARNING 2016-10-02 11:53:37,985 base 6073 140201716193152 Not Found: /static/auth/partial/update_profile/update_profile.js
WARNING 2016-10-02 11:53:38,083 base 6079 140201716193152 Not Found: /static/questions/partial/main_question_viewer/main_question_viewer.js
WARNING 2016-10-02 11:53:38,185 base 6079 140201716193152 Not Found: /static/questions/partial/question_by_id_view/question_by_id_view.js
WARNING 2016-10-02 11:53:38,289 base 6079 140201716193152 Not Found: /static/partial/home-screen-partial/home-screen-partial.js
WARNING 2016-10-02 11:53:38,390 base 6079 140201716193152 Not Found: /static/partial/navbar/navbar.js
WARNING 2016-10-02 11:53:38,496 base 6079 140201716193152 Not Found: /static/questions/partial/question_by_id_view/question_by_id_view.js
WARNING 2016-10-02 11:53:38,598 base 6079 140201716193152 Not Found: /static/questions/partial/topic_view/topic_view.js
WARNING 2016-10-02 11:53:38,700 base 6079 140201716193152 Not Found: /static/questions/partial/subtopic_view/subtopic_view.js
WARNING 2016-10-02 11:53:38,803 base 6076 140201716193152 Not Found: /static/questions/partial/topic_navigator/topic_navigator.js
WARNING 2016-10-02 11:53:38,904 base 6079 140201716193152 Not Found: /static/questions/partial/question_search/question_search.js
WARNING 2016-10-02 11:53:39,004 base 6079 140201716193152 Not Found: /static/quiz/quiz.js
WARNING 2016-10-02 11:53:39,183 base 6079 140201716193152 Not Found: /static/quiz/partial/select_content/select_content.js
WARNING 2016-10-02 11:53:39,283 base 6079 140201716193152 Not Found: /static/questions/service/topic_selection_service.js
WARNING 2016-10-02 11:53:39,463 base 6079 140201716193152 Not Found: /static/quiz/partial/quiz_viewer/quiz_viewer.js
WARNING 2016-10-02 11:53:39,578 base 6079 140201716193152 Not Found: /static/subscriptions/subscriptions.js
WARNING 2016-10-02 11:53:39,733 base 6079 140201716193152 Not Found: /static/subscriptions/service/subscription_service.js
WARNING 2016-10-02 11:53:39,833 base 6073 140201716193152 Not Found: /static/subscriptions/partial/subscription_status/subscription_status.js
WARNING 2016-10-02 11:53:40,102 base 6079 140201716193152 Not Found: /static/subscriptions/directive/braintree_payment_form/braintree_payment_form.js
WARNING 2016-10-02 11:53:40,203 base 6079 140201716193152 Not Found: /static/subscriptions/partial/cancel/cancel.js
WARNING 2016-10-02 11:53:40,306 base 6079 140201716193152 Not Found: /static/subscriptions/partial/change_payment_method/change_payment_method.js
WARNING 2016-10-02 11:53:40,413 base 6079 140201716193152 Not Found: /static/subscriptions/partial/subscription_sucess/subscription_sucess.js
WARNING 2016-10-02 11:53:40,529 base 6079 140201716193152 Not Found: /static/subscriptions/partial/change_payment_method_success/change_payment_method_success.js
WARNING 2016-10-02 11:56:22,470 base 6079 140201716193152 Not Found: /static/bower_components/jquery/jquery.js
WARNING 2016-10-02 11:56:22,573 base 6076 140201716193152 Not Found: /static/bower_components/less.js/dist/less-1.6.2.js
WARNING 2016-10-02 11:56:22,675 base 6079 140201716193152 Not Found: /static/bower_components/underscore/underscore.js
WARNING 2016-10-02 11:56:22,792 base 6079 140201716193152 Not Found: /static/bower_components/angular-cookies/angular-cookies.js
WARNING 2016-10-02 11:56:22,886 base 6079 140201716193152 Not Found: /static/auth/service/restful_auth_service.js
WARNING 2016-10-02 11:56:22,995 base 6079 140201716193152 Not Found: /static/questions/questions.js
WARNING 2016-10-02 11:56:23,092 base 6076 140201716193152 Not Found: /static/auth/partial/password_reset_confirm_form/password_reset_confirm_form.js
WARNING 2016-10-02 11:56:23,195 base 6079 140201716193152 Not Found: /static/auth/partial/email_confirmation_form/email_confirmation_form.js
WARNING 2016-10-02 11:56:23,297 base 6079 140201716193152 Not Found: /static/questions/partial/topic_view/topic_view.js
WARNING 2016-10-02 11:56:23,424 base 6076 140201716193152 Not Found: /static/questions/partial/subtopic_view/subtopic_view.js
WARNING 2016-10-02 11:56:23,522 base 6079 140201716193152 Not Found: /static/quiz/partial/quiz_viewer/quiz_viewer.js
WARNING 2016-10-02 11:56:23,619 base 6079 140201716193152 Not Found: /static/subscriptions/subscriptions.js
WARNING 2016-10-02 11:56:23,826 base 6076 140201716193152 Not Found: /static/subscriptions/partial/change_payment_method/change_payment_method.js
WARNING 2016-10-02 11:56:23,925 base 6079 140201716193152 Not Found: /static/subscriptions/partial/change_payment_method_success/change_payment_method_success.js
WARNING 2016-10-02 11:56:24,024 base 6079 140201716193152 Not Found: /static/bower_components/angular-resource/angular-resource.js
WARNING 2016-10-02 11:56:24,120 base 6079 140201716193152 Not Found: /static/bower_components/angular-ui-utils/ui-utils.js
WARNING 2016-10-02 11:56:24,185 base 6073 140201716193152 Not Found: /static/bower_components/angular-ui-notification/dist/angular-ui-notification.min.js
WARNING 2016-10-02 11:56:24,230 base 6079 140201716193152 Not Found: /static/app.js
WARNING 2016-10-02 11:56:24,231 base 6073 140201716193152 Not Found: /static/auth/auth.js
WARNING 2016-10-02 11:56:24,239 base 6079 140201716193152 Not Found: /static/questions/service/question_service.js
WARNING 2016-10-02 11:56:24,241 base 6076 140201716193152 Not Found: /static/global_constants/global_constants.js
WARNING 2016-10-02 11:56:24,283 base 6079 140201716193152 Not Found: /static/auth/partial/login_form/login_form.js
WARNING 2016-10-02 11:56:24,318 base 6079 140201716193152 Not Found: /static/auth/partial/registration_form/registration_form.js
WARNING 2016-10-02 11:56:24,337 base 6079 140201716193152 Not Found: /static/auth/partial/password_reset_form/password_reset_form.js
WARNING 2016-10-02 11:56:24,339 base 6076 140201716193152 Not Found: /static/auth/partial/update_profile/update_profile.js
WARNING 2016-10-02 11:56:24,347 base 6079 140201716193152 Not Found: /static/questions/partial/main_question_viewer/main_question_viewer.js
WARNING 2016-10-02 11:56:24,348 base 6076 140201716193152 Not Found: /static/questions/partial/question_by_id_view/question_by_id_view.js
WARNING 2016-10-02 11:56:24,382 base 6076 140201716193152 Not Found: /static/partial/home-screen-partial/home-screen-partial.js
WARNING 2016-10-02 11:56:24,431 base 6079 140201716193152 Not Found: /static/partial/navbar/navbar.js
WARNING 2016-10-02 11:56:24,436 base 6079 140201716193152 Not Found: /static/questions/partial/topic_navigator/topic_navigator.js
WARNING 2016-10-02 11:56:24,440 base 6079 140201716193152 Not Found: /static/questions/partial/question_search/question_search.js
WARNING 2016-10-02 11:56:24,449 base 6079 140201716193152 Not Found: /static/quiz/partial/select_content/select_content.js
WARNING 2016-10-02 11:56:24,450 base 6073 140201716193152 Not Found: /static/quiz/quiz.js
WARNING 2016-10-02 11:56:24,486 base 6079 140201716193152 Not Found: /static/questions/service/topic_selection_service.js
WARNING 2016-10-02 11:56:24,528 base 6079 140201716193152 Not Found: /static/subscriptions/service/subscription_service.js
WARNING 2016-10-02 11:56:24,534 base 6079 140201716193152 Not Found: /static/subscriptions/partial/subscription_status/subscription_status.js
WARNING 2016-10-02 11:56:24,545 base 6079 140201716193152 Not Found: /static/subscriptions/directive/braintree_payment_form/braintree_payment_form.js
WARNING 2016-10-02 11:56:24,552 base 6073 140201716193152 Not Found: /static/subscriptions/partial/cancel/cancel.js
WARNING 2016-10-02 11:56:24,586 base 6079 140201716193152 Not Found: /static/subscriptions/partial/subscription_sucess/subscription_sucess.js
WARNING 2016-10-02 11:56:24,640 base 6079 140201716193152 Not Found: /static/bower_components/moment/moment.js
WARNING 2016-10-02 11:56:24,640 base 6076 140201716193152 Not Found: /static/bower_components/angular/angular.js
WARNING 2016-10-02 11:56:24,647 base 6079 140201716193152 Not Found: /static/bower_components/angular-route/angular-route.js
WARNING 2016-10-02 11:56:24,660 base 6079 140201716193152 Not Found: /static/bower_components/angular-animate/angular-animate.js
WARNING 2016-10-02 11:56:24,691 base 6079 140201716193152 Not Found: /static/bower_components/angular-bootstrap/ui-bootstrap-tpls.js
WARNING 2016-10-02 11:56:24,764 base 6079 140201716193152 Not Found: /static/bower_components/angular-resource/angular-resource.js
WARNING 2016-10-02 11:56:24,875 base 6079 140201716193152 Not Found: /static/bower_components/angular-cookies/angular-cookies.js
WARNING 2016-10-02 11:56:24,984 base 6079 140201716193152 Not Found: /static/bower_components/angular-bootstrap/ui-bootstrap-tpls.js
WARNING 2016-10-02 11:56:25,212 base 6079 140201716193152 Not Found: /static/bower_components/angular-ui-utils/ui-utils.js
WARNING 2016-10-02 11:56:25,317 base 6079 140201716193152 Not Found: /static/bower_components/angular-ui-notification/dist/angular-ui-notification.min.js
WARNING 2016-10-02 11:56:25,498 base 6079 140201716193152 Not Found: /static/app.js
WARNING 2016-10-02 11:56:25,625 base 6079 140201716193152 Not Found: /static/auth/auth.js
WARNING 2016-10-02 11:56:25,727 base 6076 140201716193152 Not Found: /static/auth/service/restful_auth_service.js
WARNING 2016-10-02 11:56:25,831 base 6079 140201716193152 Not Found: /static/questions/questions.js
WARNING 2016-10-02 11:56:25,936 base 6079 140201716193152 Not Found: /static/questions/service/question_service.js
WARNING 2016-10-02 11:56:26,034 base 6079 140201716193152 Not Found: /static/global_constants/global_constants.js
WARNING 2016-10-02 11:56:26,138 base 6079 140201716193152 Not Found: /static/auth/partial/login_form/login_form.js
WARNING 2016-10-02 11:56:26,255 base 6079 140201716193152 Not Found: /static/auth/partial/registration_form/registration_form.js
WARNING 2016-10-02 11:56:26,376 base 6076 140201716193152 Not Found: /static/auth/partial/password_reset_form/password_reset_form.js
WARNING 2016-10-02 11:56:26,594 base 6079 140201716193152 Not Found: /static/auth/partial/password_reset_confirm_form/password_reset_confirm_form.js
WARNING 2016-10-02 11:56:26,698 base 6079 140201716193152 Not Found: /static/auth/partial/email_confirmation_form/email_confirmation_form.js
WARNING 2016-10-02 11:56:26,802 base 6076 140201716193152 Not Found: /static/auth/partial/update_profile/update_profile.js
WARNING 2016-10-02 11:56:26,888 base 6079 140201716193152 Not Found: /static/
WARNING 2016-10-02 12:01:02,723 base 6122 139916432443264 Not Found: /app.less
WARNING 2016-10-02 12:01:03,487 base 6122 139916432443264 Not Found: /partial/navbar/navbar.html
WARNING 2016-10-02 12:01:03,497 base 6122 139916432443264 Not Found: /partial/home-screen-partial/home-screen-partial.html
WARNING 2016-10-02 12:01:03,920 base 6119 139916432443264 Not Found: /partial/footer/footer.html
WARNING 2016-10-02 12:02:25,179 base 6141 140285239830400 Not Found: /app.less
WARNING 2016-10-02 12:02:25,791 base 6141 140285239830400 Not Found: /partial/navbar/navbar.html
WARNING 2016-10-02 12:02:29,344 base 6135 140285239830400 Not Found: /partial/home-screen-partial/home-screen-partial.html
WARNING 2016-10-02 12:02:29,344 base 6138 140285239830400 Not Found: /partial/footer/footer.html
WARNING 2016-10-02 12:03:04,819 base 6141 140285239830400 Not Found: /favicon.ico
WARNING 2016-10-02 12:03:08,971 base 6141 140285239830400 Not Found: /app.less
WARNING 2016-10-02 12:03:09,724 base 6141 140285239830400 Not Found: /partial/navbar/navbar.html
WARNING 2016-10-02 12:03:09,728 base 6141 140285239830400 Not Found: /partial/footer/footer.html
WARNING 2016-10-02 12:03:09,731 base 6138 140285239830400 Not Found: /partial/home-screen-partial/home-screen-partial.html
WARNING 2016-10-02 12:20:36,372 base 6141 140285239830400 Not Found: /app.less
WARNING 2016-10-02 12:20:37,228 base 6141 140285239830400 Not Found: /partial/navbar/navbar.html
WARNING 2016-10-02 12:20:37,232 base 6141 140285239830400 Not Found: /partial/footer/footer.html
WARNING 2016-10-02 12:20:37,251 base 6138 140285239830400 Not Found: /partial/home-screen-partial/home-screen-partial.html
ERROR 2016-10-02 12:20:55,989 base 6201 139809489454976 Internal Server Error: /
Traceback (most recent call last):
  File "/home/mjkilian1992/.virtualenvs/dentest-prod/local/lib/python2.7/site-packages/django/core/handlers/base.py", line 137, in get_response
    response = response.render()
  File "/home/mjkilian1992/.virtualenvs/dentest-prod/local/lib/python2.7/site-packages/django/template/response.py", line 103, in render
    self.content = self.rendered_content
  File "/home/mjkilian1992/.virtualenvs/dentest-prod/local/lib/python2.7/site-packages/django/template/response.py", line 78, in rendered_content
    template = self.resolve_template(self.template_name)
  File "/home/mjkilian1992/.virtualenvs/dentest-prod/local/lib/python2.7/site-packages/django/template/response.py", line 54, in resolve_template
    return loader.select_template(template)
  File "/home/mjkilian1992/.virtualenvs/dentest-prod/local/lib/python2.7/site-packages/django/template/loader.py", line 194, in select_template
    raise TemplateDoesNotExist(', '.join(not_found))
TemplateDoesNotExist: frontend/index.html
WARNING 2016-10-02 12:29:10,123 base 6263 139800030521216 Not Found: /{
WARNING 2016-10-02 12:29:10,251 base 6263 139800030521216 Not Found: /{
WARNING 2016-10-02 12:53:01,858 base 6553 140586209982336 Not Found: /{
WARNING 2016-10-02 12:53:01,981 base 6553 140586209982336 Not Found: /{
WARNING 2016-10-02 12:53:15,123 base 6553 140586209982336 Not Found: /{
WARNING 2016-10-02 12:53:16,251 base 6550 140586209982336 Not Found: /{
WARNING 2016-10-02 12:53:31,178 base 6553 140586209982336 Not Found: /{
WARNING 2016-10-02 12:53:31,300 base 6553 140586209982336 Not Found: /{
WARNING 2016-10-02 12:53:36,971 base 6553 140586209982336 Not Found: /{
